ERROR - 2022-10-26 05:32:32 --> Error connecting to the database: mysqli_sql_exception: Access denied for user ''@'localhost' (using password: NO) in C:\xampp\htdocs\WEBSITE-ARSIP-SURAT\vendor\codeigniter4\framework\system\Database\MySQLi\Connection.php:171
Stack trace:
#0 C:\xampp\htdocs\WEBSITE-ARSIP-SURAT\vendor\codeigniter4\framework\system\Database\MySQLi\Connection.php(171): mysqli->real_connect('localhost', '', '', '', 3306, '', 0)
#1 C:\xampp\htdocs\WEBSITE-ARSIP-SURAT\vendor\codeigniter4\framework\system\Database\BaseConnection.php(382): CodeIgniter\Database\MySQLi\Connection->connect(false)
#2 C:\xampp\htdocs\WEBSITE-ARSIP-SURAT\vendor\codeigniter4\framework\system\Database\BaseConnection.php(588): CodeIgniter\Database\BaseConnection->initialize()
#3 C:\xampp\htdocs\WEBSITE-ARSIP-SURAT\vendor\codeigniter4\framework\system\Database\BaseConnection.php(1387): CodeIgniter\Database\BaseConnection->query('SHOW TABLES FRO...')
#4 C:\xampp\htdocs\WEBSITE-ARSIP-SURAT\vendor\codeigniter4\framework\system\Database\BaseConnection.php(1421): CodeIgniter\Database\BaseConnection->listTables()
#5 C:\xampp\htdocs\WEBSITE-ARSIP-SURAT\vendor\codeigniter4\framework\system\Database\MigrationRunner.php(759): CodeIgniter\Database\BaseConnection->tableExists('migrations')
#6 C:\xampp\htdocs\WEBSITE-ARSIP-SURAT\vendor\codeigniter4\framework\system\Database\MigrationRunner.php(167): CodeIgniter\Database\MigrationRunner->ensureTable()
#7 C:\xampp\htdocs\WEBSITE-ARSIP-SURAT\vendor\codeigniter4\framework\system\Commands\Database\Migrate.php(84): CodeIgniter\Database\MigrationRunner->latest(NULL)
#8 C:\xampp\htdocs\WEBSITE-ARSIP-SURAT\vendor\codeigniter4\framework\system\CLI\Commands.php(63): CodeIgniter\Commands\Database\Migrate->run(Array)
#9 C:\xampp\htdocs\WEBSITE-ARSIP-SURAT\vendor\codeigniter4\framework\system\CLI\CommandRunner.php(65): CodeIgniter\CLI\Commands->run('migrate', Array)
#10 C:\xampp\htdocs\WEBSITE-ARSIP-SURAT\vendor\codeigniter4\framework\system\CLI\CommandRunner.php(51): CodeIgniter\CLI\CommandRunner->index(Array)
#11 C:\xampp\htdocs\WEBSITE-ARSIP-SURAT\vendor\codeigniter4\framework\system\CodeIgniter.php(895): CodeIgniter\CLI\CommandRunner->_remap('index', Array)
#12 C:\xampp\htdocs\WEBSITE-ARSIP-SURAT\vendor\codeigniter4\framework\system\CodeIgniter.php(457): CodeIgniter\CodeIgniter->runController(Object(CodeIgniter\CLI\CommandRunner))
#13 C:\xampp\htdocs\WEBSITE-ARSIP-SURAT\vendor\codeigniter4\framework\system\CodeIgniter.php(336): CodeIgniter\CodeIgniter->handleRequest(NULL, Object(Config\Cache), false)
#14 C:\xampp\htdocs\WEBSITE-ARSIP-SURAT\vendor\codeigniter4\framework\system\CLI\Console.php(48): CodeIgniter\CodeIgniter->run()
#15 C:\xampp\htdocs\WEBSITE-ARSIP-SURAT\spark(98): CodeIgniter\CLI\Console->run()
#16 {main}

Next CodeIgniter\Database\Exceptions\DatabaseException: Access denied for user ''@'localhost' (using password: NO) in C:\xampp\htdocs\WEBSITE-ARSIP-SURAT\vendor\codeigniter4\framework\system\Database\MySQLi\Connection.php:215
Stack trace:
#0 C:\xampp\htdocs\WEBSITE-ARSIP-SURAT\vendor\codeigniter4\framework\system\Database\BaseConnection.php(382): CodeIgniter\Database\MySQLi\Connection->connect(false)
#1 C:\xampp\htdocs\WEBSITE-ARSIP-SURAT\vendor\codeigniter4\framework\system\Database\BaseConnection.php(588): CodeIgniter\Database\BaseConnection->initialize()
#2 C:\xampp\htdocs\WEBSITE-ARSIP-SURAT\vendor\codeigniter4\framework\system\Database\BaseConnection.php(1387): CodeIgniter\Database\BaseConnection->query('SHOW TABLES FRO...')
#3 C:\xampp\htdocs\WEBSITE-ARSIP-SURAT\vendor\codeigniter4\framework\system\Database\BaseConnection.php(1421): CodeIgniter\Database\BaseConnection->listTables()
#4 C:\xampp\htdocs\WEBSITE-ARSIP-SURAT\vendor\codeigniter4\framework\system\Database\MigrationRunner.php(759): CodeIgniter\Database\BaseConnection->tableExists('migrations')
#5 C:\xampp\htdocs\WEBSITE-ARSIP-SURAT\vendor\codeigniter4\framework\system\Database\MigrationRunner.php(167): CodeIgniter\Database\MigrationRunner->ensureTable()
#6 C:\xampp\htdocs\WEBSITE-ARSIP-SURAT\vendor\codeigniter4\framework\system\Commands\Database\Migrate.php(84): CodeIgniter\Database\MigrationRunner->latest(NULL)
#7 C:\xampp\htdocs\WEBSITE-ARSIP-SURAT\vendor\codeigniter4\framework\system\CLI\Commands.php(63): CodeIgniter\Commands\Database\Migrate->run(Array)
#8 C:\xampp\htdocs\WEBSITE-ARSIP-SURAT\vendor\codeigniter4\framework\system\CLI\CommandRunner.php(65): CodeIgniter\CLI\Commands->run('migrate', Array)
#9 C:\xampp\htdocs\WEBSITE-ARSIP-SURAT\vendor\codeigniter4\framework\system\CLI\CommandRunner.php(51): CodeIgniter\CLI\CommandRunner->index(Array)
#10 C:\xampp\htdocs\WEBSITE-ARSIP-SURAT\vendor\codeigniter4\framework\system\CodeIgniter.php(895): CodeIgniter\CLI\CommandRunner->_remap('index', Array)
#11 C:\xampp\htdocs\WEBSITE-ARSIP-SURAT\vendor\codeigniter4\framework\system\CodeIgniter.php(457): CodeIgniter\CodeIgniter->runController(Object(CodeIgniter\CLI\CommandRunner))
#12 C:\xampp\htdocs\WEBSITE-ARSIP-SURAT\vendor\codeigniter4\framework\system\CodeIgniter.php(336): CodeIgniter\CodeIgniter->handleRequest(NULL, Object(Config\Cache), false)
#13 C:\xampp\htdocs\WEBSITE-ARSIP-SURAT\vendor\codeigniter4\framework\system\CLI\Console.php(48): CodeIgniter\CodeIgniter->run()
#14 C:\xampp\htdocs\WEBSITE-ARSIP-SURAT\spark(98): CodeIgniter\CLI\Console->run()
#15 {main}
ERROR - 2022-10-26 05:33:13 --> Error connecting to the database: mysqli_sql_exception: Access denied for user ''@'localhost' (using password: NO) in C:\xampp\htdocs\WEBSITE-ARSIP-SURAT\vendor\codeigniter4\framework\system\Database\MySQLi\Connection.php:171
Stack trace:
#0 C:\xampp\htdocs\WEBSITE-ARSIP-SURAT\vendor\codeigniter4\framework\system\Database\MySQLi\Connection.php(171): mysqli->real_connect('localhost', '', '', 'teoweblanjut', 3306, '', 0)
#1 C:\xampp\htdocs\WEBSITE-ARSIP-SURAT\vendor\codeigniter4\framework\system\Database\BaseConnection.php(382): CodeIgniter\Database\MySQLi\Connection->connect(false)
#2 C:\xampp\htdocs\WEBSITE-ARSIP-SURAT\vendor\codeigniter4\framework\system\Database\BaseConnection.php(588): CodeIgniter\Database\BaseConnection->initialize()
#3 C:\xampp\htdocs\WEBSITE-ARSIP-SURAT\vendor\codeigniter4\framework\system\Database\BaseConnection.php(1387): CodeIgniter\Database\BaseConnection->query('SHOW TABLES FRO...')
#4 C:\xampp\htdocs\WEBSITE-ARSIP-SURAT\vendor\codeigniter4\framework\system\Database\BaseConnection.php(1421): CodeIgniter\Database\BaseConnection->listTables()
#5 C:\xampp\htdocs\WEBSITE-ARSIP-SURAT\vendor\codeigniter4\framework\system\Database\MigrationRunner.php(759): CodeIgniter\Database\BaseConnection->tableExists('migrations')
#6 C:\xampp\htdocs\WEBSITE-ARSIP-SURAT\vendor\codeigniter4\framework\system\Database\MigrationRunner.php(167): CodeIgniter\Database\MigrationRunner->ensureTable()
#7 C:\xampp\htdocs\WEBSITE-ARSIP-SURAT\vendor\codeigniter4\framework\system\Commands\Database\Migrate.php(84): CodeIgniter\Database\MigrationRunner->latest(NULL)
#8 C:\xampp\htdocs\WEBSITE-ARSIP-SURAT\vendor\codeigniter4\framework\system\CLI\Commands.php(63): CodeIgniter\Commands\Database\Migrate->run(Array)
#9 C:\xampp\htdocs\WEBSITE-ARSIP-SURAT\vendor\codeigniter4\framework\system\CLI\CommandRunner.php(65): CodeIgniter\CLI\Commands->run('migrate', Array)
#10 C:\xampp\htdocs\WEBSITE-ARSIP-SURAT\vendor\codeigniter4\framework\system\CLI\CommandRunner.php(51): CodeIgniter\CLI\CommandRunner->index(Array)
#11 C:\xampp\htdocs\WEBSITE-ARSIP-SURAT\vendor\codeigniter4\framework\system\CodeIgniter.php(895): CodeIgniter\CLI\CommandRunner->_remap('index', Array)
#12 C:\xampp\htdocs\WEBSITE-ARSIP-SURAT\vendor\codeigniter4\framework\system\CodeIgniter.php(457): CodeIgniter\CodeIgniter->runController(Object(CodeIgniter\CLI\CommandRunner))
#13 C:\xampp\htdocs\WEBSITE-ARSIP-SURAT\vendor\codeigniter4\framework\system\CodeIgniter.php(336): CodeIgniter\CodeIgniter->handleRequest(NULL, Object(Config\Cache), false)
#14 C:\xampp\htdocs\WEBSITE-ARSIP-SURAT\vendor\codeigniter4\framework\system\CLI\Console.php(48): CodeIgniter\CodeIgniter->run()
#15 C:\xampp\htdocs\WEBSITE-ARSIP-SURAT\spark(98): CodeIgniter\CLI\Console->run()
#16 {main}

Next CodeIgniter\Database\Exceptions\DatabaseException: Access denied for user ''@'localhost' (using password: NO) in C:\xampp\htdocs\WEBSITE-ARSIP-SURAT\vendor\codeigniter4\framework\system\Database\MySQLi\Connection.php:215
Stack trace:
#0 C:\xampp\htdocs\WEBSITE-ARSIP-SURAT\vendor\codeigniter4\framework\system\Database\BaseConnection.php(382): CodeIgniter\Database\MySQLi\Connection->connect(false)
#1 C:\xampp\htdocs\WEBSITE-ARSIP-SURAT\vendor\codeigniter4\framework\system\Database\BaseConnection.php(588): CodeIgniter\Database\BaseConnection->initialize()
#2 C:\xampp\htdocs\WEBSITE-ARSIP-SURAT\vendor\codeigniter4\framework\system\Database\BaseConnection.php(1387): CodeIgniter\Database\BaseConnection->query('SHOW TABLES FRO...')
#3 C:\xampp\htdocs\WEBSITE-ARSIP-SURAT\vendor\codeigniter4\framework\system\Database\BaseConnection.php(1421): CodeIgniter\Database\BaseConnection->listTables()
#4 C:\xampp\htdocs\WEBSITE-ARSIP-SURAT\vendor\codeigniter4\framework\system\Database\MigrationRunner.php(759): CodeIgniter\Database\BaseConnection->tableExists('migrations')
#5 C:\xampp\htdocs\WEBSITE-ARSIP-SURAT\vendor\codeigniter4\framework\system\Database\MigrationRunner.php(167): CodeIgniter\Database\MigrationRunner->ensureTable()
#6 C:\xampp\htdocs\WEBSITE-ARSIP-SURAT\vendor\codeigniter4\framework\system\Commands\Database\Migrate.php(84): CodeIgniter\Database\MigrationRunner->latest(NULL)
#7 C:\xampp\htdocs\WEBSITE-ARSIP-SURAT\vendor\codeigniter4\framework\system\CLI\Commands.php(63): CodeIgniter\Commands\Database\Migrate->run(Array)
#8 C:\xampp\htdocs\WEBSITE-ARSIP-SURAT\vendor\codeigniter4\framework\system\CLI\CommandRunner.php(65): CodeIgniter\CLI\Commands->run('migrate', Array)
#9 C:\xampp\htdocs\WEBSITE-ARSIP-SURAT\vendor\codeigniter4\framework\system\CLI\CommandRunner.php(51): CodeIgniter\CLI\CommandRunner->index(Array)
#10 C:\xampp\htdocs\WEBSITE-ARSIP-SURAT\vendor\codeigniter4\framework\system\CodeIgniter.php(895): CodeIgniter\CLI\CommandRunner->_remap('index', Array)
#11 C:\xampp\htdocs\WEBSITE-ARSIP-SURAT\vendor\codeigniter4\framework\system\CodeIgniter.php(457): CodeIgniter\CodeIgniter->runController(Object(CodeIgniter\CLI\CommandRunner))
#12 C:\xampp\htdocs\WEBSITE-ARSIP-SURAT\vendor\codeigniter4\framework\system\CodeIgniter.php(336): CodeIgniter\CodeIgniter->handleRequest(NULL, Object(Config\Cache), false)
#13 C:\xampp\htdocs\WEBSITE-ARSIP-SURAT\vendor\codeigniter4\framework\system\CLI\Console.php(48): CodeIgniter\CodeIgniter->run()
#14 C:\xampp\htdocs\WEBSITE-ARSIP-SURAT\spark(98): CodeIgniter\CLI\Console->run()
#15 {main}
ERROR - 2022-10-26 05:36:00 --> Error connecting to the database: mysqli_sql_exception: Access denied for user ''@'localhost' (using password: NO) in C:\xampp\htdocs\WEBSITE-ARSIP-SURAT\vendor\codeigniter4\framework\system\Database\MySQLi\Connection.php:171
Stack trace:
#0 C:\xampp\htdocs\WEBSITE-ARSIP-SURAT\vendor\codeigniter4\framework\system\Database\MySQLi\Connection.php(171): mysqli->real_connect('localhost', '', '', 'teoweblanjut', 3306, '', 0)
#1 C:\xampp\htdocs\WEBSITE-ARSIP-SURAT\vendor\codeigniter4\framework\system\Database\BaseConnection.php(382): CodeIgniter\Database\MySQLi\Connection->connect(false)
#2 C:\xampp\htdocs\WEBSITE-ARSIP-SURAT\vendor\codeigniter4\framework\system\Database\BaseConnection.php(588): CodeIgniter\Database\BaseConnection->initialize()
#3 C:\xampp\htdocs\WEBSITE-ARSIP-SURAT\vendor\codeigniter4\framework\system\Database\BaseBuilder.php(1585): CodeIgniter\Database\BaseConnection->query('SELECT *\nFROM `...', Array, false)
#4 C:\xampp\htdocs\WEBSITE-ARSIP-SURAT\vendor\codeigniter4\framework\system\Model.php(223): CodeIgniter\Database\BaseBuilder->get()
#5 C:\xampp\htdocs\WEBSITE-ARSIP-SURAT\vendor\codeigniter4\framework\system\BaseModel.php(584): CodeIgniter\Model->doFindAll(0, 0)
#6 C:\xampp\htdocs\WEBSITE-ARSIP-SURAT\app\Controllers\SuratMasukController.php(13): CodeIgniter\BaseModel->findAll()
#7 C:\xampp\htdocs\WEBSITE-ARSIP-SURAT\vendor\codeigniter4\framework\system\CodeIgniter.php(902): App\Controllers\SuratMasukController->index()
#8 C:\xampp\htdocs\WEBSITE-ARSIP-SURAT\vendor\codeigniter4\framework\system\CodeIgniter.php(457): CodeIgniter\CodeIgniter->runController(Object(App\Controllers\SuratMasukController))
#9 C:\xampp\htdocs\WEBSITE-ARSIP-SURAT\vendor\codeigniter4\framework\system\CodeIgniter.php(340): CodeIgniter\CodeIgniter->handleRequest(NULL, Object(Config\Cache), false)
#10 C:\xampp\htdocs\WEBSITE-ARSIP-SURAT\public\index.php(67): CodeIgniter\CodeIgniter->run()
#11 C:\xampp\htdocs\WEBSITE-ARSIP-SURAT\vendor\codeigniter4\framework\system\Commands\Server\rewrite.php(46): require_once('C:\\xampp\\htdocs...')
#12 {main}

Next CodeIgniter\Database\Exceptions\DatabaseException: Access denied for user ''@'localhost' (using password: NO) in C:\xampp\htdocs\WEBSITE-ARSIP-SURAT\vendor\codeigniter4\framework\system\Database\MySQLi\Connection.php:215
Stack trace:
#0 C:\xampp\htdocs\WEBSITE-ARSIP-SURAT\vendor\codeigniter4\framework\system\Database\BaseConnection.php(382): CodeIgniter\Database\MySQLi\Connection->connect(false)
#1 C:\xampp\htdocs\WEBSITE-ARSIP-SURAT\vendor\codeigniter4\framework\system\Database\BaseConnection.php(588): CodeIgniter\Database\BaseConnection->initialize()
#2 C:\xampp\htdocs\WEBSITE-ARSIP-SURAT\vendor\codeigniter4\framework\system\Database\BaseBuilder.php(1585): CodeIgniter\Database\BaseConnection->query('SELECT *\nFROM `...', Array, false)
#3 C:\xampp\htdocs\WEBSITE-ARSIP-SURAT\vendor\codeigniter4\framework\system\Model.php(223): CodeIgniter\Database\BaseBuilder->get()
#4 C:\xampp\htdocs\WEBSITE-ARSIP-SURAT\vendor\codeigniter4\framework\system\BaseModel.php(584): CodeIgniter\Model->doFindAll(0, 0)
#5 C:\xampp\htdocs\WEBSITE-ARSIP-SURAT\app\Controllers\SuratMasukController.php(13): CodeIgniter\BaseModel->findAll()
#6 C:\xampp\htdocs\WEBSITE-ARSIP-SURAT\vendor\codeigniter4\framework\system\CodeIgniter.php(902): App\Controllers\SuratMasukController->index()
#7 C:\xampp\htdocs\WEBSITE-ARSIP-SURAT\vendor\codeigniter4\framework\system\CodeIgniter.php(457): CodeIgniter\CodeIgniter->runController(Object(App\Controllers\SuratMasukController))
#8 C:\xampp\htdocs\WEBSITE-ARSIP-SURAT\vendor\codeigniter4\framework\system\CodeIgniter.php(340): CodeIgniter\CodeIgniter->handleRequest(NULL, Object(Config\Cache), false)
#9 C:\xampp\htdocs\WEBSITE-ARSIP-SURAT\public\index.php(67): CodeIgniter\CodeIgniter->run()
#10 C:\xampp\htdocs\WEBSITE-ARSIP-SURAT\vendor\codeigniter4\framework\system\Commands\Server\rewrite.php(46): require_once('C:\\xampp\\htdocs...')
#11 {main}
CRITICAL - 2022-10-26 05:36:00 --> Unable to connect to the database.
Main connection [MySQLi]: Access denied for user ''@'localhost' (using password: NO)
in SYSTEMPATH\Database\BaseConnection.php on line 418.
 1 SYSTEMPATH\Database\BaseConnection.php(588): CodeIgniter\Database\BaseConnection->initialize()
 2 SYSTEMPATH\Database\BaseBuilder.php(1585): CodeIgniter\Database\BaseConnection->query('SELECT *
FROM `surat_masuk`', [], false)
 3 SYSTEMPATH\Model.php(223): CodeIgniter\Database\BaseBuilder->get()
 4 SYSTEMPATH\BaseModel.php(584): CodeIgniter\Model->doFindAll(0, 0)
 5 APPPATH\Controllers\SuratMasukController.php(13): CodeIgniter\BaseModel->findAll()
 6 SYSTEMPATH\CodeIgniter.php(902): App\Controllers\SuratMasukController->index()
 7 SYSTEMPATH\CodeIgniter.php(457): CodeIgniter\CodeIgniter->runController(Object(App\Controllers\SuratMasukController))
 8 SYSTEMPATH\CodeIgniter.php(340): CodeIgniter\CodeIgniter->handleRequest(null, Object(Config\Cache), false)
 9 FCPATH\index.php(67): CodeIgniter\CodeIgniter->run()
10 SYSTEMPATH\Commands\Server\rewrite.php(46): require_once('FCPATH\\index.php')
ERROR - 2022-10-26 05:36:39 --> mysqli_sql_exception: Table 'teoweblanjut.surat_masuk' doesn't exist in C:\xampp\htdocs\WEBSITE-ARSIP-SURAT\vendor\codeigniter4\framework\system\Database\MySQLi\Connection.php:292
Stack trace:
#0 C:\xampp\htdocs\WEBSITE-ARSIP-SURAT\vendor\codeigniter4\framework\system\Database\MySQLi\Connection.php(292): mysqli->query('SELECT *\nFROM `...', 0)
#1 C:\xampp\htdocs\WEBSITE-ARSIP-SURAT\vendor\codeigniter4\framework\system\Database\BaseConnection.php(693): CodeIgniter\Database\MySQLi\Connection->execute('SELECT *\nFROM `...')
#2 C:\xampp\htdocs\WEBSITE-ARSIP-SURAT\vendor\codeigniter4\framework\system\Database\BaseConnection.php(620): CodeIgniter\Database\BaseConnection->simpleQuery('SELECT *\nFROM `...')
#3 C:\xampp\htdocs\WEBSITE-ARSIP-SURAT\vendor\codeigniter4\framework\system\Database\BaseBuilder.php(1585): CodeIgniter\Database\BaseConnection->query('SELECT *\nFROM `...', Array, false)
#4 C:\xampp\htdocs\WEBSITE-ARSIP-SURAT\vendor\codeigniter4\framework\system\Model.php(223): CodeIgniter\Database\BaseBuilder->get()
#5 C:\xampp\htdocs\WEBSITE-ARSIP-SURAT\vendor\codeigniter4\framework\system\BaseModel.php(584): CodeIgniter\Model->doFindAll(0, 0)
#6 C:\xampp\htdocs\WEBSITE-ARSIP-SURAT\app\Controllers\SuratMasukController.php(13): CodeIgniter\BaseModel->findAll()
#7 C:\xampp\htdocs\WEBSITE-ARSIP-SURAT\vendor\codeigniter4\framework\system\CodeIgniter.php(902): App\Controllers\SuratMasukController->index()
#8 C:\xampp\htdocs\WEBSITE-ARSIP-SURAT\vendor\codeigniter4\framework\system\CodeIgniter.php(457): CodeIgniter\CodeIgniter->runController(Object(App\Controllers\SuratMasukController))
#9 C:\xampp\htdocs\WEBSITE-ARSIP-SURAT\vendor\codeigniter4\framework\system\CodeIgniter.php(340): CodeIgniter\CodeIgniter->handleRequest(NULL, Object(Config\Cache), false)
#10 C:\xampp\htdocs\WEBSITE-ARSIP-SURAT\public\index.php(67): CodeIgniter\CodeIgniter->run()
#11 C:\xampp\htdocs\WEBSITE-ARSIP-SURAT\vendor\codeigniter4\framework\system\Commands\Server\rewrite.php(46): require_once('C:\\xampp\\htdocs...')
#12 {main}
CRITICAL - 2022-10-26 05:36:39 --> Table 'teoweblanjut.surat_masuk' doesn't exist
in SYSTEMPATH\Database\MySQLi\Connection.php on line 292.
 1 SYSTEMPATH\Database\MySQLi\Connection.php(292): mysqli->query('SELECT *
FROM `surat_masuk`', 0)
 2 SYSTEMPATH\Database\BaseConnection.php(693): CodeIgniter\Database\MySQLi\Connection->execute('SELECT *
FROM `surat_masuk`')
 3 SYSTEMPATH\Database\BaseConnection.php(620): CodeIgniter\Database\BaseConnection->simpleQuery('SELECT *
FROM `surat_masuk`')
 4 SYSTEMPATH\Database\BaseBuilder.php(1585): CodeIgniter\Database\BaseConnection->query('SELECT *
FROM `surat_masuk`', [], false)
 5 SYSTEMPATH\Model.php(223): CodeIgniter\Database\BaseBuilder->get()
 6 SYSTEMPATH\BaseModel.php(584): CodeIgniter\Model->doFindAll(0, 0)
 7 APPPATH\Controllers\SuratMasukController.php(13): CodeIgniter\BaseModel->findAll()
 8 SYSTEMPATH\CodeIgniter.php(902): App\Controllers\SuratMasukController->index()
 9 SYSTEMPATH\CodeIgniter.php(457): CodeIgniter\CodeIgniter->runController(Object(App\Controllers\SuratMasukController))
10 SYSTEMPATH\CodeIgniter.php(340): CodeIgniter\CodeIgniter->handleRequest(null, Object(Config\Cache), false)
11 FCPATH\index.php(67): CodeIgniter\CodeIgniter->run()
12 SYSTEMPATH\Commands\Server\rewrite.php(46): require_once('FCPATH\\index.php')
ERROR - 2022-10-26 19:33:02 --> mysqli_sql_exception: Cannot add or update a child row: a foreign key constraint fails (`teoweblanjut`.`surat_masuk`, CONSTRAINT `surat_masuk_ibfk_1` FOREIGN KEY (`id_instansi`) REFERENCES `instansi` (`id_instansi`) ON DELETE CASCADE ON UPDATE CASCADE) in C:\xampp\htdocs\WEBSITE-ARSIP-SURAT\vendor\codeigniter4\framework\system\Database\MySQLi\Connection.php:292
Stack trace:
#0 C:\xampp\htdocs\WEBSITE-ARSIP-SURAT\vendor\codeigniter4\framework\system\Database\MySQLi\Connection.php(292): mysqli->query('INSERT INTO `su...', 0)
#1 C:\xampp\htdocs\WEBSITE-ARSIP-SURAT\vendor\codeigniter4\framework\system\Database\BaseConnection.php(693): CodeIgniter\Database\MySQLi\Connection->execute('INSERT INTO `su...')
#2 C:\xampp\htdocs\WEBSITE-ARSIP-SURAT\vendor\codeigniter4\framework\system\Database\BaseConnection.php(620): CodeIgniter\Database\BaseConnection->simpleQuery('INSERT INTO `su...')
#3 C:\xampp\htdocs\WEBSITE-ARSIP-SURAT\vendor\codeigniter4\framework\system\Database\BaseBuilder.php(1916): CodeIgniter\Database\BaseConnection->query('INSERT INTO `su...', Array, false)
#4 C:\xampp\htdocs\WEBSITE-ARSIP-SURAT\vendor\codeigniter4\framework\system\Model.php(279): CodeIgniter\Database\BaseBuilder->insert()
#5 C:\xampp\htdocs\WEBSITE-ARSIP-SURAT\vendor\codeigniter4\framework\system\BaseModel.php(748): CodeIgniter\Model->doInsert(Array)
#6 C:\xampp\htdocs\WEBSITE-ARSIP-SURAT\vendor\codeigniter4\framework\system\Model.php(667): CodeIgniter\BaseModel->insert(Array, false)
#7 C:\xampp\htdocs\WEBSITE-ARSIP-SURAT\vendor\codeigniter4\framework\system\BaseModel.php(658): CodeIgniter\Model->insert(Array, false)
#8 C:\xampp\htdocs\WEBSITE-ARSIP-SURAT\app\Controllers\SuratMasukController.php(58): CodeIgniter\BaseModel->save(Array)
#9 C:\xampp\htdocs\WEBSITE-ARSIP-SURAT\vendor\codeigniter4\framework\system\CodeIgniter.php(902): App\Controllers\SuratMasukController->store()
#10 C:\xampp\htdocs\WEBSITE-ARSIP-SURAT\vendor\codeigniter4\framework\system\CodeIgniter.php(457): CodeIgniter\CodeIgniter->runController(Object(App\Controllers\SuratMasukController))
#11 C:\xampp\htdocs\WEBSITE-ARSIP-SURAT\vendor\codeigniter4\framework\system\CodeIgniter.php(340): CodeIgniter\CodeIgniter->handleRequest(NULL, Object(Config\Cache), false)
#12 C:\xampp\htdocs\WEBSITE-ARSIP-SURAT\public\index.php(67): CodeIgniter\CodeIgniter->run()
#13 C:\xampp\htdocs\WEBSITE-ARSIP-SURAT\vendor\codeigniter4\framework\system\Commands\Server\rewrite.php(46): require_once('C:\\xampp\\htdocs...')
#14 {main}
CRITICAL - 2022-10-26 19:33:02 --> Cannot add or update a child row: a foreign key constraint fails (`teoweblanjut`.`surat_masuk`, CONSTRAINT `surat_masuk_ibfk_1` FOREIGN KEY (`id_instansi`) REFERENCES `instansi` (`id_instansi`) ON DELETE CASCADE ON UPDATE CASCADE)
in SYSTEMPATH\Database\MySQLi\Connection.php on line 292.
 1 SYSTEMPATH\Database\MySQLi\Connection.php(292): mysqli->query('INSERT INTO `surat_masuk` (`no_surat`, `tgl_terima_surat`, `tgl_surat`, `asal_surat`, `isi_surat`, `keterangan_surat`, `created_at`, `updated_at`) VALUES (\'tes\', \'2022-10-26\', \'2022-10-26\', \'teste\', \'tes\', \'tes\', \'2022-10-26 19:33:02\', \'2022-10-26 19:33:02\')', 0)
 2 SYSTEMPATH\Database\BaseConnection.php(693): CodeIgniter\Database\MySQLi\Connection->execute('INSERT INTO `surat_masuk` (`no_surat`, `tgl_terima_surat`, `tgl_surat`, `asal_surat`, `isi_surat`, `keterangan_surat`, `created_at`, `updated_at`) VALUES (\'tes\', \'2022-10-26\', \'2022-10-26\', \'teste\', \'tes\', \'tes\', \'2022-10-26 19:33:02\', \'2022-10-26 19:33:02\')')
 3 SYSTEMPATH\Database\BaseConnection.php(620): CodeIgniter\Database\BaseConnection->simpleQuery('INSERT INTO `surat_masuk` (`no_surat`, `tgl_terima_surat`, `tgl_surat`, `asal_surat`, `isi_surat`, `keterangan_surat`, `created_at`, `updated_at`) VALUES (\'tes\', \'2022-10-26\', \'2022-10-26\', \'teste\', \'tes\', \'tes\', \'2022-10-26 19:33:02\', \'2022-10-26 19:33:02\')')
 4 SYSTEMPATH\Database\BaseBuilder.php(1916): CodeIgniter\Database\BaseConnection->query('INSERT INTO `surat_masuk` (`no_surat`, `tgl_terima_surat`, `tgl_surat`, `asal_surat`, `isi_surat`, `keterangan_surat`, `created_at`, `updated_at`) VALUES (:no_surat:, :tgl_terima_surat:, :tgl_surat:, :asal_surat:, :isi_surat:, :keterangan_surat:, :created_at:, :updated_at:)', [...], false)
 5 SYSTEMPATH\Model.php(279): CodeIgniter\Database\BaseBuilder->insert()
 6 SYSTEMPATH\BaseModel.php(748): CodeIgniter\Model->doInsert([...])
 7 SYSTEMPATH\Model.php(667): CodeIgniter\BaseModel->insert([...], false)
 8 SYSTEMPATH\BaseModel.php(658): CodeIgniter\Model->insert([...], false)
 9 APPPATH\Controllers\SuratMasukController.php(58): CodeIgniter\BaseModel->save([...])
10 SYSTEMPATH\CodeIgniter.php(902): App\Controllers\SuratMasukController->store()
11 SYSTEMPATH\CodeIgniter.php(457): CodeIgniter\CodeIgniter->runController(Object(App\Controllers\SuratMasukController))
12 SYSTEMPATH\CodeIgniter.php(340): CodeIgniter\CodeIgniter->handleRequest(null, Object(Config\Cache), false)
13 FCPATH\index.php(67): CodeIgniter\CodeIgniter->run()
14 SYSTEMPATH\Commands\Server\rewrite.php(46): require_once('FCPATH\\index.php')
CRITICAL - 2022-10-26 19:49:16 --> Undefined variable $koneksi
in APPPATH\Views\suratmasuk\create.php on line 10.
 1 APPPATH\Views\suratmasuk\create.php(10): CodeIgniter\Debug\Exceptions->errorHandler(2, 'Undefined variable $koneksi', 'APPPATH\\Views\\suratmasuk\\create.php', 10)
 2 SYSTEMPATH\View\View.php(213): include('APPPATH\\Views\\suratmasuk\\create.php')
 3 SYSTEMPATH\View\View.php(216): CodeIgniter\View\View->CodeIgniter\View\{closure}()
 4 SYSTEMPATH\Common.php(1142): CodeIgniter\View\View->render('suratmasuk/create', [], true)
 5 APPPATH\Controllers\SuratMasukController.php(32): view('suratmasuk/create', [...])
 6 SYSTEMPATH\CodeIgniter.php(902): App\Controllers\SuratMasukController->create()
 7 SYSTEMPATH\CodeIgniter.php(457): CodeIgniter\CodeIgniter->runController(Object(App\Controllers\SuratMasukController))
 8 SYSTEMPATH\CodeIgniter.php(340): CodeIgniter\CodeIgniter->handleRequest(null, Object(Config\Cache), false)
 9 FCPATH\index.php(67): CodeIgniter\CodeIgniter->run()
10 SYSTEMPATH\Commands\Server\rewrite.php(46): require_once('FCPATH\\index.php')
CRITICAL - 2022-10-26 19:49:20 --> Undefined variable $koneksi
in APPPATH\Views\suratmasuk\create.php on line 10.
 1 APPPATH\Views\suratmasuk\create.php(10): CodeIgniter\Debug\Exceptions->errorHandler(2, 'Undefined variable $koneksi', 'APPPATH\\Views\\suratmasuk\\create.php', 10)
 2 SYSTEMPATH\View\View.php(213): include('APPPATH\\Views\\suratmasuk\\create.php')
 3 SYSTEMPATH\View\View.php(216): CodeIgniter\View\View->CodeIgniter\View\{closure}()
 4 SYSTEMPATH\Common.php(1142): CodeIgniter\View\View->render('suratmasuk/create', [], true)
 5 APPPATH\Controllers\SuratMasukController.php(32): view('suratmasuk/create', [...])
 6 SYSTEMPATH\CodeIgniter.php(902): App\Controllers\SuratMasukController->create()
 7 SYSTEMPATH\CodeIgniter.php(457): CodeIgniter\CodeIgniter->runController(Object(App\Controllers\SuratMasukController))
 8 SYSTEMPATH\CodeIgniter.php(340): CodeIgniter\CodeIgniter->handleRequest(null, Object(Config\Cache), false)
 9 FCPATH\index.php(67): CodeIgniter\CodeIgniter->run()
10 SYSTEMPATH\Commands\Server\rewrite.php(46): require_once('FCPATH\\index.php')
ERROR - 2022-10-26 22:00:20 --> mysqli_sql_exception: Cannot add or update a child row: a foreign key constraint fails (`teoweblanjut`.`surat_masuk`, CONSTRAINT `surat_masuk_ibfk_1` FOREIGN KEY (`id_instansi`) REFERENCES `instansi` (`id_instansi`) ON DELETE CASCADE ON UPDATE CASCADE) in C:\xampp\htdocs\WEBSITE-ARSIP-SURAT\vendor\codeigniter4\framework\system\Database\MySQLi\Connection.php:292
Stack trace:
#0 C:\xampp\htdocs\WEBSITE-ARSIP-SURAT\vendor\codeigniter4\framework\system\Database\MySQLi\Connection.php(292): mysqli->query('INSERT INTO `su...', 0)
#1 C:\xampp\htdocs\WEBSITE-ARSIP-SURAT\vendor\codeigniter4\framework\system\Database\BaseConnection.php(693): CodeIgniter\Database\MySQLi\Connection->execute('INSERT INTO `su...')
#2 C:\xampp\htdocs\WEBSITE-ARSIP-SURAT\vendor\codeigniter4\framework\system\Database\BaseConnection.php(620): CodeIgniter\Database\BaseConnection->simpleQuery('INSERT INTO `su...')
#3 C:\xampp\htdocs\WEBSITE-ARSIP-SURAT\vendor\codeigniter4\framework\system\Database\BaseBuilder.php(1916): CodeIgniter\Database\BaseConnection->query('INSERT INTO `su...', Array, false)
#4 C:\xampp\htdocs\WEBSITE-ARSIP-SURAT\vendor\codeigniter4\framework\system\Model.php(279): CodeIgniter\Database\BaseBuilder->insert()
#5 C:\xampp\htdocs\WEBSITE-ARSIP-SURAT\vendor\codeigniter4\framework\system\BaseModel.php(748): CodeIgniter\Model->doInsert(Array)
#6 C:\xampp\htdocs\WEBSITE-ARSIP-SURAT\vendor\codeigniter4\framework\system\Model.php(667): CodeIgniter\BaseModel->insert(Array, false)
#7 C:\xampp\htdocs\WEBSITE-ARSIP-SURAT\vendor\codeigniter4\framework\system\BaseModel.php(658): CodeIgniter\Model->insert(Array, false)
#8 C:\xampp\htdocs\WEBSITE-ARSIP-SURAT\app\Controllers\SuratMasukController.php(59): CodeIgniter\BaseModel->save(Array)
#9 C:\xampp\htdocs\WEBSITE-ARSIP-SURAT\vendor\codeigniter4\framework\system\CodeIgniter.php(902): App\Controllers\SuratMasukController->store()
#10 C:\xampp\htdocs\WEBSITE-ARSIP-SURAT\vendor\codeigniter4\framework\system\CodeIgniter.php(457): CodeIgniter\CodeIgniter->runController(Object(App\Controllers\SuratMasukController))
#11 C:\xampp\htdocs\WEBSITE-ARSIP-SURAT\vendor\codeigniter4\framework\system\CodeIgniter.php(340): CodeIgniter\CodeIgniter->handleRequest(NULL, Object(Config\Cache), false)
#12 C:\xampp\htdocs\WEBSITE-ARSIP-SURAT\public\index.php(67): CodeIgniter\CodeIgniter->run()
#13 C:\xampp\htdocs\WEBSITE-ARSIP-SURAT\vendor\codeigniter4\framework\system\Commands\Server\rewrite.php(46): require_once('C:\\xampp\\htdocs...')
#14 {main}
CRITICAL - 2022-10-26 22:00:20 --> Cannot add or update a child row: a foreign key constraint fails (`teoweblanjut`.`surat_masuk`, CONSTRAINT `surat_masuk_ibfk_1` FOREIGN KEY (`id_instansi`) REFERENCES `instansi` (`id_instansi`) ON DELETE CASCADE ON UPDATE CASCADE)
in SYSTEMPATH\Database\MySQLi\Connection.php on line 292.
 1 SYSTEMPATH\Database\MySQLi\Connection.php(292): mysqli->query('INSERT INTO `surat_masuk` (`no_surat`, `tgl_terima_surat`, `tgl_surat`, `asal_surat`, `isi_surat`, `keterangan_surat`, `created_at`, `updated_at`) VALUES (\'asdasd\', \'2022-10-26\', \'2022-10-26\', \'asdasdasda\', \'asdasd\', \'asdasd\', \'2022-10-26 22:00:20\', \'2022-10-26 22:00:20\')', 0)
 2 SYSTEMPATH\Database\BaseConnection.php(693): CodeIgniter\Database\MySQLi\Connection->execute('INSERT INTO `surat_masuk` (`no_surat`, `tgl_terima_surat`, `tgl_surat`, `asal_surat`, `isi_surat`, `keterangan_surat`, `created_at`, `updated_at`) VALUES (\'asdasd\', \'2022-10-26\', \'2022-10-26\', \'asdasdasda\', \'asdasd\', \'asdasd\', \'2022-10-26 22:00:20\', \'2022-10-26 22:00:20\')')
 3 SYSTEMPATH\Database\BaseConnection.php(620): CodeIgniter\Database\BaseConnection->simpleQuery('INSERT INTO `surat_masuk` (`no_surat`, `tgl_terima_surat`, `tgl_surat`, `asal_surat`, `isi_surat`, `keterangan_surat`, `created_at`, `updated_at`) VALUES (\'asdasd\', \'2022-10-26\', \'2022-10-26\', \'asdasdasda\', \'asdasd\', \'asdasd\', \'2022-10-26 22:00:20\', \'2022-10-26 22:00:20\')')
 4 SYSTEMPATH\Database\BaseBuilder.php(1916): CodeIgniter\Database\BaseConnection->query('INSERT INTO `surat_masuk` (`no_surat`, `tgl_terima_surat`, `tgl_surat`, `asal_surat`, `isi_surat`, `keterangan_surat`, `created_at`, `updated_at`) VALUES (:no_surat:, :tgl_terima_surat:, :tgl_surat:, :asal_surat:, :isi_surat:, :keterangan_surat:, :created_at:, :updated_at:)', [...], false)
 5 SYSTEMPATH\Model.php(279): CodeIgniter\Database\BaseBuilder->insert()
 6 SYSTEMPATH\BaseModel.php(748): CodeIgniter\Model->doInsert([...])
 7 SYSTEMPATH\Model.php(667): CodeIgniter\BaseModel->insert([...], false)
 8 SYSTEMPATH\BaseModel.php(658): CodeIgniter\Model->insert([...], false)
 9 APPPATH\Controllers\SuratMasukController.php(59): CodeIgniter\BaseModel->save([...])
10 SYSTEMPATH\CodeIgniter.php(902): App\Controllers\SuratMasukController->store()
11 SYSTEMPATH\CodeIgniter.php(457): CodeIgniter\CodeIgniter->runController(Object(App\Controllers\SuratMasukController))
12 SYSTEMPATH\CodeIgniter.php(340): CodeIgniter\CodeIgniter->handleRequest(null, Object(Config\Cache), false)
13 FCPATH\index.php(67): CodeIgniter\CodeIgniter->run()
14 SYSTEMPATH\Commands\Server\rewrite.php(46): require_once('FCPATH\\index.php')
CRITICAL - 2022-10-26 22:19:29 --> Undefined array key "id"
in APPPATH\Views\suratmasuk\list.php on line 38.
 1 APPPATH\Views\suratmasuk\list.php(38): CodeIgniter\Debug\Exceptions->errorHandler(2, 'Undefined array key "id"', 'APPPATH\\Views\\suratmasuk\\list.php', 38)
 2 SYSTEMPATH\View\View.php(213): include('APPPATH\\Views\\suratmasuk\\list.php')
 3 SYSTEMPATH\View\View.php(216): CodeIgniter\View\View->CodeIgniter\View\{closure}()
 4 SYSTEMPATH\Common.php(1142): CodeIgniter\View\View->render('suratmasuk/list', [], true)
 5 APPPATH\Controllers\SuratMasukController.php(21): view('suratmasuk/list', [...])
 6 SYSTEMPATH\CodeIgniter.php(902): App\Controllers\SuratMasukController->index()
 7 SYSTEMPATH\CodeIgniter.php(457): CodeIgniter\CodeIgniter->runController(Object(App\Controllers\SuratMasukController))
 8 SYSTEMPATH\CodeIgniter.php(340): CodeIgniter\CodeIgniter->handleRequest(null, Object(Config\Cache), false)
 9 FCPATH\index.php(67): CodeIgniter\CodeIgniter->run()
10 SYSTEMPATH\Commands\Server\rewrite.php(46): require_once('FCPATH\\index.php')
ERROR - 2022-10-26 22:20:22 --> mysqli_sql_exception: Unknown column 'id' in 'where clause' in C:\xampp\htdocs\WEBSITE-ARSIP-SURAT\vendor\codeigniter4\framework\system\Database\MySQLi\Connection.php:292
Stack trace:
#0 C:\xampp\htdocs\WEBSITE-ARSIP-SURAT\vendor\codeigniter4\framework\system\Database\MySQLi\Connection.php(292): mysqli->query('DELETE FROM `su...', 0)
#1 C:\xampp\htdocs\WEBSITE-ARSIP-SURAT\vendor\codeigniter4\framework\system\Database\BaseConnection.php(693): CodeIgniter\Database\MySQLi\Connection->execute('DELETE FROM `su...')
#2 C:\xampp\htdocs\WEBSITE-ARSIP-SURAT\vendor\codeigniter4\framework\system\Database\BaseConnection.php(620): CodeIgniter\Database\BaseConnection->simpleQuery('DELETE FROM `su...')
#3 C:\xampp\htdocs\WEBSITE-ARSIP-SURAT\vendor\codeigniter4\framework\system\Database\BaseBuilder.php(2391): CodeIgniter\Database\BaseConnection->query('DELETE FROM `su...', Array, false)
#4 C:\xampp\htdocs\WEBSITE-ARSIP-SURAT\vendor\codeigniter4\framework\system\Model.php(401): CodeIgniter\Database\BaseBuilder->delete()
#5 C:\xampp\htdocs\WEBSITE-ARSIP-SURAT\vendor\codeigniter4\framework\system\BaseModel.php(983): CodeIgniter\Model->doDelete(Array, false)
#6 C:\xampp\htdocs\WEBSITE-ARSIP-SURAT\app\Controllers\SuratMasukController.php(66): CodeIgniter\BaseModel->delete(Array)
#7 C:\xampp\htdocs\WEBSITE-ARSIP-SURAT\vendor\codeigniter4\framework\system\CodeIgniter.php(902): App\Controllers\SuratMasukController->delete('7')
#8 C:\xampp\htdocs\WEBSITE-ARSIP-SURAT\vendor\codeigniter4\framework\system\CodeIgniter.php(457): CodeIgniter\CodeIgniter->runController(Object(App\Controllers\SuratMasukController))
#9 C:\xampp\htdocs\WEBSITE-ARSIP-SURAT\vendor\codeigniter4\framework\system\CodeIgniter.php(340): CodeIgniter\CodeIgniter->handleRequest(NULL, Object(Config\Cache), false)
#10 C:\xampp\htdocs\WEBSITE-ARSIP-SURAT\public\index.php(67): CodeIgniter\CodeIgniter->run()
#11 C:\xampp\htdocs\WEBSITE-ARSIP-SURAT\vendor\codeigniter4\framework\system\Commands\Server\rewrite.php(46): require_once('C:\\xampp\\htdocs...')
#12 {main}
CRITICAL - 2022-10-26 22:20:22 --> Unknown column 'id' in 'where clause'
in SYSTEMPATH\Database\MySQLi\Connection.php on line 292.
 1 SYSTEMPATH\Database\MySQLi\Connection.php(292): mysqli->query('DELETE FROM `surat_masuk`
WHERE `id` IN (\'7\')', 0)
 2 SYSTEMPATH\Database\BaseConnection.php(693): CodeIgniter\Database\MySQLi\Connection->execute('DELETE FROM `surat_masuk`
WHERE `id` IN (\'7\')')
 3 SYSTEMPATH\Database\BaseConnection.php(620): CodeIgniter\Database\BaseConnection->simpleQuery('DELETE FROM `surat_masuk`
WHERE `id` IN (\'7\')')
 4 SYSTEMPATH\Database\BaseBuilder.php(2391): CodeIgniter\Database\BaseConnection->query('DELETE FROM `surat_masuk`
WHERE `id` IN :id:', [...], false)
 5 SYSTEMPATH\Model.php(401): CodeIgniter\Database\BaseBuilder->delete()
 6 SYSTEMPATH\BaseModel.php(983): CodeIgniter\Model->doDelete([...], false)
 7 APPPATH\Controllers\SuratMasukController.php(66): CodeIgniter\BaseModel->delete([...])
 8 SYSTEMPATH\CodeIgniter.php(902): App\Controllers\SuratMasukController->delete('7')
 9 SYSTEMPATH\CodeIgniter.php(457): CodeIgniter\CodeIgniter->runController(Object(App\Controllers\SuratMasukController))
10 SYSTEMPATH\CodeIgniter.php(340): CodeIgniter\CodeIgniter->handleRequest(null, Object(Config\Cache), false)
11 FCPATH\index.php(67): CodeIgniter\CodeIgniter->run()
12 SYSTEMPATH\Commands\Server\rewrite.php(46): require_once('FCPATH\\index.php')
ERROR - 2022-10-26 22:27:53 --> mysqli_sql_exception: Unknown column 'id' in 'where clause' in C:\xampp\htdocs\WEBSITE-ARSIP-SURAT\vendor\codeigniter4\framework\system\Database\MySQLi\Connection.php:292
Stack trace:
#0 C:\xampp\htdocs\WEBSITE-ARSIP-SURAT\vendor\codeigniter4\framework\system\Database\MySQLi\Connection.php(292): mysqli->query('DELETE FROM `su...', 0)
#1 C:\xampp\htdocs\WEBSITE-ARSIP-SURAT\vendor\codeigniter4\framework\system\Database\BaseConnection.php(693): CodeIgniter\Database\MySQLi\Connection->execute('DELETE FROM `su...')
#2 C:\xampp\htdocs\WEBSITE-ARSIP-SURAT\vendor\codeigniter4\framework\system\Database\BaseConnection.php(620): CodeIgniter\Database\BaseConnection->simpleQuery('DELETE FROM `su...')
#3 C:\xampp\htdocs\WEBSITE-ARSIP-SURAT\vendor\codeigniter4\framework\system\Database\BaseBuilder.php(2391): CodeIgniter\Database\BaseConnection->query('DELETE FROM `su...', Array, false)
#4 C:\xampp\htdocs\WEBSITE-ARSIP-SURAT\vendor\codeigniter4\framework\system\Model.php(401): CodeIgniter\Database\BaseBuilder->delete()
#5 C:\xampp\htdocs\WEBSITE-ARSIP-SURAT\vendor\codeigniter4\framework\system\BaseModel.php(983): CodeIgniter\Model->doDelete(Array, false)
#6 C:\xampp\htdocs\WEBSITE-ARSIP-SURAT\app\Controllers\SuratMasukController.php(66): CodeIgniter\BaseModel->delete(Array)
#7 C:\xampp\htdocs\WEBSITE-ARSIP-SURAT\vendor\codeigniter4\framework\system\CodeIgniter.php(902): App\Controllers\SuratMasukController->delete('6')
#8 C:\xampp\htdocs\WEBSITE-ARSIP-SURAT\vendor\codeigniter4\framework\system\CodeIgniter.php(457): CodeIgniter\CodeIgniter->runController(Object(App\Controllers\SuratMasukController))
#9 C:\xampp\htdocs\WEBSITE-ARSIP-SURAT\vendor\codeigniter4\framework\system\CodeIgniter.php(340): CodeIgniter\CodeIgniter->handleRequest(NULL, Object(Config\Cache), false)
#10 C:\xampp\htdocs\WEBSITE-ARSIP-SURAT\public\index.php(67): CodeIgniter\CodeIgniter->run()
#11 C:\xampp\htdocs\WEBSITE-ARSIP-SURAT\vendor\codeigniter4\framework\system\Commands\Server\rewrite.php(46): require_once('C:\\xampp\\htdocs...')
#12 {main}
CRITICAL - 2022-10-26 22:27:53 --> Unknown column 'id' in 'where clause'
in SYSTEMPATH\Database\MySQLi\Connection.php on line 292.
 1 SYSTEMPATH\Database\MySQLi\Connection.php(292): mysqli->query('DELETE FROM `surat_masuk`
WHERE `id` IN (\'6\')', 0)
 2 SYSTEMPATH\Database\BaseConnection.php(693): CodeIgniter\Database\MySQLi\Connection->execute('DELETE FROM `surat_masuk`
WHERE `id` IN (\'6\')')
 3 SYSTEMPATH\Database\BaseConnection.php(620): CodeIgniter\Database\BaseConnection->simpleQuery('DELETE FROM `surat_masuk`
WHERE `id` IN (\'6\')')
 4 SYSTEMPATH\Database\BaseBuilder.php(2391): CodeIgniter\Database\BaseConnection->query('DELETE FROM `surat_masuk`
WHERE `id` IN :id:', [...], false)
 5 SYSTEMPATH\Model.php(401): CodeIgniter\Database\BaseBuilder->delete()
 6 SYSTEMPATH\BaseModel.php(983): CodeIgniter\Model->doDelete([...], false)
 7 APPPATH\Controllers\SuratMasukController.php(66): CodeIgniter\BaseModel->delete([...])
 8 SYSTEMPATH\CodeIgniter.php(902): App\Controllers\SuratMasukController->delete('6')
 9 SYSTEMPATH\CodeIgniter.php(457): CodeIgniter\CodeIgniter->runController(Object(App\Controllers\SuratMasukController))
10 SYSTEMPATH\CodeIgniter.php(340): CodeIgniter\CodeIgniter->handleRequest(null, Object(Config\Cache), false)
11 FCPATH\index.php(67): CodeIgniter\CodeIgniter->run()
12 SYSTEMPATH\Commands\Server\rewrite.php(46): require_once('FCPATH\\index.php')
CRITICAL - 2022-10-26 22:48:26 --> Undefined variable $id
in APPPATH\Views\suratmasuk\edit.php on line 1.
 1 APPPATH\Views\suratmasuk\edit.php(1): CodeIgniter\Debug\Exceptions->errorHandler(2, 'Undefined variable $id', 'APPPATH\\Views\\suratmasuk\\edit.php', 1)
 2 SYSTEMPATH\View\View.php(213): include('APPPATH\\Views\\suratmasuk\\edit.php')
 3 SYSTEMPATH\View\View.php(216): CodeIgniter\View\View->CodeIgniter\View\{closure}()
 4 SYSTEMPATH\Common.php(1142): CodeIgniter\View\View->render('suratmasuk/edit', [], true)
 5 APPPATH\Controllers\SuratMasukController.php(81): view('suratmasuk/edit', [...])
 6 SYSTEMPATH\CodeIgniter.php(902): App\Controllers\SuratMasukController->edit('7')
 7 SYSTEMPATH\CodeIgniter.php(457): CodeIgniter\CodeIgniter->runController(Object(App\Controllers\SuratMasukController))
 8 SYSTEMPATH\CodeIgniter.php(340): CodeIgniter\CodeIgniter->handleRequest(null, Object(Config\Cache), false)
 9 FCPATH\index.php(67): CodeIgniter\CodeIgniter->run()
10 SYSTEMPATH\Commands\Server\rewrite.php(46): require_once('FCPATH\\index.php')
CRITICAL - 2022-10-26 22:50:09 --> Undefined variable $id
in APPPATH\Views\suratmasuk\edit.php on line 1.
 1 APPPATH\Views\suratmasuk\edit.php(1): CodeIgniter\Debug\Exceptions->errorHandler(2, 'Undefined variable $id', 'APPPATH\\Views\\suratmasuk\\edit.php', 1)
 2 SYSTEMPATH\View\View.php(213): include('APPPATH\\Views\\suratmasuk\\edit.php')
 3 SYSTEMPATH\View\View.php(216): CodeIgniter\View\View->CodeIgniter\View\{closure}()
 4 SYSTEMPATH\Common.php(1142): CodeIgniter\View\View->render('suratmasuk/edit', [], true)
 5 APPPATH\Controllers\SuratMasukController.php(81): view('suratmasuk/edit', [...])
 6 SYSTEMPATH\CodeIgniter.php(902): App\Controllers\SuratMasukController->edit('7')
 7 SYSTEMPATH\CodeIgniter.php(457): CodeIgniter\CodeIgniter->runController(Object(App\Controllers\SuratMasukController))
 8 SYSTEMPATH\CodeIgniter.php(340): CodeIgniter\CodeIgniter->handleRequest(null, Object(Config\Cache), false)
 9 FCPATH\index.php(67): CodeIgniter\CodeIgniter->run()
10 SYSTEMPATH\Commands\Server\rewrite.php(46): require_once('FCPATH\\index.php')
CRITICAL - 2022-10-26 22:50:14 --> Undefined variable $id
in APPPATH\Views\suratmasuk\edit.php on line 1.
 1 APPPATH\Views\suratmasuk\edit.php(1): CodeIgniter\Debug\Exceptions->errorHandler(2, 'Undefined variable $id', 'APPPATH\\Views\\suratmasuk\\edit.php', 1)
 2 SYSTEMPATH\View\View.php(213): include('APPPATH\\Views\\suratmasuk\\edit.php')
 3 SYSTEMPATH\View\View.php(216): CodeIgniter\View\View->CodeIgniter\View\{closure}()
 4 SYSTEMPATH\Common.php(1142): CodeIgniter\View\View->render('suratmasuk/edit', [], true)
 5 APPPATH\Controllers\SuratMasukController.php(81): view('suratmasuk/edit', [...])
 6 SYSTEMPATH\CodeIgniter.php(902): App\Controllers\SuratMasukController->edit('7')
 7 SYSTEMPATH\CodeIgniter.php(457): CodeIgniter\CodeIgniter->runController(Object(App\Controllers\SuratMasukController))
 8 SYSTEMPATH\CodeIgniter.php(340): CodeIgniter\CodeIgniter->handleRequest(null, Object(Config\Cache), false)
 9 FCPATH\index.php(67): CodeIgniter\CodeIgniter->run()
10 SYSTEMPATH\Commands\Server\rewrite.php(46): require_once('FCPATH\\index.php')
